#
# There is insufficient memory for the Java Runtime Environment to continue.
# Native memory allocation (malloc) failed to allocate 32744 bytes for ChunkPool::allocate
# Possible reasons:
#   The system is out of physical RAM or swap space
#   In 32 bit mode, the process size limit was hit
# Possible solutions:
#   Reduce memory load on the system
#   Increase physical memory or swap space
#   Check if swap backing store is full
#   Use 64 bit Java on a 64 bit OS
#   Decrease Java heap size (-Xmx/-Xms)
#   Decrease number of Java threads
#   Decrease Java thread stack sizes (-Xss)
#   Set larger code cache with -XX:ReservedCodeCacheSize=
# This output file may be truncated or incomplete.
#
#  Out of Memory Error (allocation.cpp:273), pid=12060, tid=0x0000000000001e4c
#
# JRE version: Java(TM) SE Runtime Environment (8.0_191-b12) (build 1.8.0_191-b12)
# Java VM: Java HotSpot(TM) 64-Bit Server VM (25.191-b12 mixed mode windows-amd64 compressed oops)
# Failed to write core dump. Minidumps are not enabled by default on client versions of Windows
#

---------------  T H R E A D  ---------------

Current thread (0x0000000017894800):  JavaThread "C1 CompilerThread2" daemon [_thread_in_native, id=7756, stack(0x00000000193c0000,0x00000000194c0000)]

Stack: [0x00000000193c0000,0x00000000194c0000]
[error occurred during error reporting (printing stack bounds), id 0xc0000005]

Native frames: (J=compiled Java code, j=interpreted, Vv=VM code, C=native code)


Current CompileTask:
C1:2773865 7336   !   1       org.apache.coyote.AbstractProtocol$ConnectionHandler::process (1208 bytes)


---------------  P R O C E S S  ---------------

Java Threads: ( => current thread )
  0x000000001db4a800 JavaThread "http-nio-8001-exec-23" daemon [_thread_blocked, id=14820, stack(0x0000000043b30000,0x0000000043c30000)]
  0x000000001db50800 JavaThread "http-nio-8001-exec-22" daemon [_thread_blocked, id=2988, stack(0x0000000043930000,0x0000000043a30000)]
  0x000000001db49800 JavaThread "http-nio-8001-exec-21" daemon [_thread_blocked, id=3620, stack(0x0000000043830000,0x0000000043930000)]
  0x000000001db42000 JavaThread "http-nio-8001-exec-20" daemon [_thread_blocked, id=13836, stack(0x0000000043730000,0x0000000043830000)]
  0x000000001db45800 JavaThread "http-nio-8001-exec-19" daemon [_thread_blocked, id=6200, stack(0x0000000043630000,0x0000000043730000)]
  0x000000001db48000 JavaThread "http-nio-8001-exec-18" daemon [_thread_blocked, id=11236, stack(0x0000000043530000,0x0000000043630000)]
  0x000000001db47800 JavaThread "http-nio-8001-exec-17" daemon [_thread_blocked, id=5692, stack(0x0000000043430000,0x0000000043530000)]
  0x000000001db46800 JavaThread "http-nio-8001-exec-16" daemon [_thread_blocked, id=11412, stack(0x0000000043330000,0x0000000043430000)]
  0x000000001db49000 JavaThread "http-nio-8001-exec-15" daemon [_thread_blocked, id=5752, stack(0x0000000043230000,0x0000000043330000)]
  0x000000001db45000 JavaThread "http-nio-8001-exec-14" daemon [_thread_blocked, id=6784, stack(0x0000000034130000,0x0000000034230000)]
  0x000000001db43800 JavaThread "http-nio-8001-exec-13" daemon [_thread_blocked, id=14996, stack(0x0000000034030000,0x0000000034130000)]
  0x000000001db44000 JavaThread "http-nio-8001-exec-11" daemon [_thread_blocked, id=2584, stack(0x0000000033e30000,0x0000000033f30000)]
  0x000000001db41000 JavaThread "AsyncResolver-bootstrap-executor-0" daemon [_thread_blocked, id=12664, stack(0x0000000025030000,0x0000000025130000)]
  0x000000001db42800 JavaThread "DiscoveryClient-HeartbeatExecutor-0" daemon [_thread_blocked, id=8636, stack(0x0000000021c30000,0x0000000021d30000)]
  0x000000001964c800 JavaThread "DiscoveryClient-CacheRefreshExecutor-0" daemon [_thread_blocked, id=4336, stack(0x0000000021b30000,0x0000000021c30000)]
  0x000000001964b800 JavaThread "DestroyJavaVM" [_thread_blocked, id=4244, stack(0x0000000002b10000,0x0000000002c10000)]
  0x0000000019649800 JavaThread "http-nio-8001-Acceptor-0" daemon [_thread_in_native, id=2940, stack(0x0000000020c30000,0x0000000020d30000)]
  0x0000000019648800 JavaThread "http-nio-8001-ClientPoller-1" daemon [_thread_in_native, id=6684, stack(0x0000000020b30000,0x0000000020c30000)]
  0x000000001964d000 JavaThread "http-nio-8001-ClientPoller-0" daemon [_thread_in_native, id=1164, stack(0x0000000020a30000,0x0000000020b30000)]
  0x000000001964b000 JavaThread "http-nio-8001-exec-10" daemon [_thread_blocked, id=12136, stack(0x0000000020930000,0x0000000020a30000)]
  0x000000001964a000 JavaThread "http-nio-8001-exec-8" daemon [_thread_blocked, id=12280, stack(0x0000000020730000,0x0000000020830000)]
  0x0000000019641800 JavaThread "http-nio-8001-exec-7" daemon [_thread_blocked, id=9320, stack(0x0000000020630000,0x0000000020730000)]
  0x0000000019640000 JavaThread "http-nio-8001-exec-6" daemon [_thread_blocked, id=8312, stack(0x0000000020530000,0x0000000020630000)]
  0x0000000019647000 JavaThread "http-nio-8001-exec-5" daemon [_thread_blocked, id=10328, stack(0x0000000020430000,0x0000000020530000)]
  0x0000000019646800 JavaThread "http-nio-8001-exec-2" daemon [_thread_blocked, id=14916, stack(0x0000000020130000,0x0000000020230000)]
  0x0000000019645000 JavaThread "http-nio-8001-exec-1" daemon [_thread_blocked, id=14408, stack(0x0000000020030000,0x0000000020130000)]
  0x0000000019641000 JavaThread "NioBlockingSelector.BlockPoller-1" daemon [_thread_in_native, id=6044, stack(0x000000001ff30000,0x0000000020030000)]
  0x0000000019643000 JavaThread "DiscoveryClient-InstanceInfoReplicator-0" daemon [_thread_blocked, id=6728, stack(0x000000001fe30000,0x000000001ff30000)]
  0x0000000019642800 JavaThread "DiscoveryClient-1" daemon [_thread_blocked, id=3276, stack(0x000000001fd30000,0x000000001fe30000)]
  0x000000001963f800 JavaThread "DiscoveryClient-0" daemon [_thread_blocked, id=11308, stack(0x000000001fc30000,0x000000001fd30000)]
  0x000000001ab87000 JavaThread "AsyncResolver-bootstrap-0" daemon [_thread_blocked, id=6524, stack(0x000000001f830000,0x000000001f930000)]
  0x000000001ab85800 JavaThread "Eureka-JerseyClient-Conn-Cleaner2" daemon [_thread_blocked, id=11996, stack(0x000000001f730000,0x000000001f830000)]
  0x000000001ab86000 JavaThread "Live Reload Server" daemon [_thread_in_native, id=11452, stack(0x000000001f130000,0x000000001f230000)]
  0x000000001ab81800 JavaThread "File Watcher" daemon [_thread_blocked, id=14228, stack(0x000000001ef30000,0x000000001f030000)]
  0x000000001ab84800 JavaThread "container-0" [_thread_blocked, id=14420, stack(0x000000001ea30000,0x000000001eb30000)]
  0x000000001ab84000 JavaThread "Catalina-utility-2" [_thread_blocked, id=14512, stack(0x000000001e930000,0x000000001ea30000)]
  0x000000001ab88800 JavaThread "Catalina-utility-1" [_thread_blocked, id=3416, stack(0x000000001e830000,0x000000001e930000)]
  0x000000001ab83000 JavaThread "spring.cloud.inetutils" daemon [_thread_blocked, id=13428, stack(0x000000001e630000,0x000000001e730000)]
  0x000000001ab82800 JavaThread "JMX server connection timeout 25" daemon [_thread_blocked, id=7336, stack(0x000000001cd60000,0x000000001ce60000)]
  0x000000001ab87800 JavaThread "RMI TCP Connection(3)-127.0.0.1" daemon [_thread_in_native, id=7736, stack(0x000000001cc60000,0x000000001cd60000)]
  0x0000000019c5d800 JavaThread "JMX server connection timeout 17" daemon [_thread_blocked, id=15024, stack(0x000000001a790000,0x000000001a890000)]
  0x0000000019c59800 JavaThread "RMI TCP Connection(60)-127.0.0.1" daemon [_thread_in_native, id=15008, stack(0x000000001a690000,0x000000001a790000)]
  0x0000000019c51800 JavaThread "RMI Scheduler(0)" daemon [_thread_blocked, id=4920, stack(0x000000001a590000,0x000000001a690000)]
  0x0000000019a41800 JavaThread "RMI TCP Accept-0" daemon [_thread_in_native, id=2332, stack(0x0000000019fe0000,0x000000001a0e0000)]
  0x0000000019a3f000 JavaThread "RMI TCP Accept-56847" daemon [_thread_in_native, id=9104, stack(0x0000000019ee0000,0x0000000019fe0000)]
  0x0000000019a29800 JavaThread "RMI TCP Accept-0" daemon [_thread_in_native, id=9028, stack(0x0000000019de0000,0x0000000019ee0000)]
  0x0000000018c5d000 JavaThread "Service Thread" daemon [_thread_blocked, id=12540, stack(0x00000000194c0000,0x00000000195c0000)]
=>0x0000000017894800 JavaThread "C1 CompilerThread2" daemon [_thread_in_native, id=7756, stack(0x00000000193c0000,0x00000000194c0000)]
  0x000000001788d800 JavaThread "C2 CompilerThread1" daemon [_thread_blocked, id=4004, stack(0x00000000192c0000,0x00000000193c0000)]
  0x0000000017888000 JavaThread "C2 CompilerThread0" daemon [_thread_blocked, id=7044, stack(0x00000000191c0000,0x00000000192c0000)]
  0x0000000017875800 JavaThread "Attach Listener" daemon [_thread_blocked, id=9712, stack(0x00000000190c0000,0x00000000191c0000)]
  0x000000001785f000 JavaThread "Signal Dispatcher" daemon [_thread_blocked, id=11808, stack(0x0000000018fc0000,0x00000000190c0000)]
  0x0000000002d0c000 JavaThread "Finalizer" daemon [_thread_blocked, id=13940, stack(0x0000000018ac0000,0x0000000018bc0000)]
  0x000000001784a000 JavaThread "Reference Handler" daemon [_thread_blocked, id=1252, stack(0x00000000189c0000,0x0000000018ac0000)]

Other Threads:
  0x0000000017827800 VMThread [stack: 0x00000000188c0000,0x00000000189c0000] [id=7716]
  0x0000000019a42800 WatcherThread [stack: 0x000000001a0e0000,0x000000001a1e0000] [id=11288]

VM state:not at safepoint (normal execution)

VM Mutex/Monitor currently owned by a thread: None

Heap:
 PSYoungGen      total 182272K, used 92328K [0x00000000d5d80000, 0x00000000e4980000, 0x0000000100000000)
  eden space 171008K, 47% used [0x00000000d5d80000,0x00000000dacada78,0x00000000e0480000)
  from space 11264K, 99% used [0x00000000e3e80000,0x00000000e497c7d8,0x00000000e4980000)
  to   space 16896K, 0% used [0x00000000e2880000,0x00000000e2880000,0x00000000e3900000)
 ParOldGen       total 101888K, used 25298K [0x0000000081800000, 0x0000000087b80000, 0x00000000d5d80000)
  object space 101888K, 24% used [0x0000000081800000,0x00000000830b4948,0x0000000087b80000)
 Metaspace       used 49029K, capacity 51738K, committed 51840K, reserved 1093632K
  class space    used 6780K, capacity 7280K, committed 7296K, reserved 1048576K

Card table byte_map: [0x00000000120d0000,0x00000000124d0000] byte_map_base: 0x0000000011cc4000

Marking Bits: (ParMarkBitMap*) 0x000000005b763e30
 Begin Bits: [0x0000000012b80000, 0x0000000014b20000)
 End Bits:   [0x0000000014b20000, 0x0000000016ac0000)

Polling page: 0x0000000000960000

CodeCache: size=245760Kb used=13438Kb max_used=13438Kb free=232321Kb
 bounds [0x0000000002d10000, 0x0000000003a40000, 0x0000000011d10000]
 total_blobs=7738 nmethods=7224 adapters=425
 compilation: enabled

Compilation events (10 events):
Event: 2773.632 Thread 0x0000000017894800 nmethod 7339 0x0000000003a2f590 code [0x0000000003a2f6e0, 0x0000000003a2f7d0]
Event: 2773.632 Thread 0x0000000017894800 7340       1       ch.qos.logback.classic.util.LogbackMDCAdapter::getPropertyMap (22 bytes)
Event: 2773.633 Thread 0x0000000017894800 nmethod 7340 0x0000000003a2f850 code [0x0000000003a2f9e0, 0x0000000003a2fc58]
Event: 2773.633 Thread 0x0000000017894800 7341       1       ch.qos.logback.classic.pattern.NamedConverter::convert (26 bytes)
Event: 2773.633 Thread 0x0000000017894800 nmethod 7341 0x0000000003a2fed0 code [0x0000000003a30040, 0x0000000003a301f8]
Event: 2773.633 Thread 0x0000000017894800 7342       1       ch.qos.logback.classic.pattern.LoggerConverter::getFullyQualifiedName (7 bytes)
Event: 2773.633 Thread 0x0000000017894800 nmethod 7342 0x0000000003a30310 code [0x0000000003a30460, 0x0000000003a305b0]
Event: 2773.633 Thread 0x0000000017894800 7343   !   1       ch.qos.logback.classic.pattern.ThrowableProxyConverter::convert (224 bytes)
Event: 2773.636 Thread 0x0000000017894800 nmethod 7343 0x0000000003a30650 code [0x0000000003a30900, 0x0000000003a31318]
Event: 2773.636 Thread 0x0000000017894800 7336   !   1       org.apache.coyote.AbstractProtocol$ConnectionHandler::process (1208 bytes)

GC Heap History (10 events):
Event: 80.954 GC heap before
{Heap before GC invocations=12 (full 2):
 PSYoungGen      total 167424K, used 161731K [0x00000000d5d80000, 0x00000000e3a00000, 0x0000000100000000)
  eden space 151040K, 100% used [0x00000000d5d80000,0x00000000df100000,0x00000000df100000)
  from space 16384K, 65% used [0x00000000df100000,0x00000000dfb70c18,0x00000000e0100000)
  to   space 16384K, 0% used [0x00000000e2a00000,0x00000000e2a00000,0x00000000e3a00000)
 ParOldGen       total 101888K, used 24386K [0x0000000081800000, 0x0000000087b80000, 0x00000000d5d80000)
  object space 101888K, 23% used [0x0000000081800000,0x0000000082fd0948,0x0000000087b80000)
 Metaspace       used 47655K, capacity 50218K, committed 50432K, reserved 1093632K
  class space    used 6600K, capacity 7072K, committed 7168K, reserved 1048576K
Event: 80.975 GC heap after
Heap after GC invocations=12 (full 2):
 PSYoungGen      total 202240K, used 15223K [0x00000000d5d80000, 0x00000000e3900000, 0x0000000100000000)
  eden space 186880K, 0% used [0x00000000d5d80000,0x00000000d5d80000,0x00000000e1400000)
  from space 15360K, 99% used [0x00000000e2a00000,0x00000000e38ddc48,0x00000000e3900000)
  to   space 17408K, 0% used [0x00000000e1700000,0x00000000e1700000,0x00000000e2800000)
 ParOldGen       total 101888K, used 24394K [0x0000000081800000, 0x0000000087b80000, 0x00000000d5d80000)
  object space 101888K, 23% used [0x0000000081800000,0x0000000082fd2948,0x0000000087b80000)
 Metaspace       used 47655K, capacity 50218K, committed 50432K, reserved 1093632K
  class space    used 6600K, capacity 7072K, committed 7168K, reserved 1048576K
}
Event: 673.496 GC heap before
{Heap before GC invocations=13 (full 2):
 PSYoungGen      total 202240K, used 202103K [0x00000000d5d80000, 0x00000000e3900000, 0x0000000100000000)
  eden space 186880K, 100% used [0x00000000d5d80000,0x00000000e1400000,0x00000000e1400000)
  from space 15360K, 99% used [0x00000000e2a00000,0x00000000e38ddc48,0x00000000e3900000)
  to   space 17408K, 0% used [0x00000000e1700000,0x00000000e1700000,0x00000000e2800000)
 ParOldGen       total 101888K, used 24394K [0x0000000081800000, 0x0000000087b80000, 0x00000000d5d80000)
  object space 101888K, 23% used [0x0000000081800000,0x0000000082fd2948,0x0000000087b80000)
 Metaspace       used 48946K, capacity 51624K, committed 51840K, reserved 1093632K
  class space    used 6775K, capacity 7273K, committed 7296K, reserved 1048576K
Event: 673.513 GC heap after
Heap after GC invocations=13 (full 2):
 PSYoungGen      total 207360K, used 11561K [0x00000000d5d80000, 0x00000000e5a00000, 0x0000000100000000)
  eden space 189952K, 0% used [0x00000000d5d80000,0x00000000d5d80000,0x00000000e1700000)
  from space 17408K, 66% used [0x00000000e1700000,0x00000000e224a770,0x00000000e2800000)
  to   space 17408K, 0% used [0x00000000e4900000,0x00000000e4900000,0x00000000e5a00000)
 ParOldGen       total 101888K, used 24402K [0x0000000081800000, 0x0000000087b80000, 0x00000000d5d80000)
  object space 101888K, 23% used [0x0000000081800000,0x0000000082fd4948,0x0000000087b80000)
 Metaspace       used 48946K, capacity 51624K, committed 51840K, reserved 1093632K
  class space    used 6775K, capacity 7273K, committed 7296K, reserved 1048576K
}
Event: 1328.289 GC heap before
{Heap before GC invocations=14 (full 2):
 PSYoungGen      total 207360K, used 201513K [0x00000000d5d80000, 0x00000000e5a00000, 0x0000000100000000)
  eden space 189952K, 100% used [0x00000000d5d80000,0x00000000e1700000,0x00000000e1700000)
  from space 17408K, 66% used [0x00000000e1700000,0x00000000e224a770,0x00000000e2800000)
  to   space 17408K, 0% used [0x00000000e4900000,0x00000000e4900000,0x00000000e5a00000)
 ParOldGen       total 101888K, used 24402K [0x0000000081800000, 0x0000000087b80000, 0x00000000d5d80000)
  object space 101888K, 23% used [0x0000000081800000,0x0000000082fd4948,0x0000000087b80000)
 Metaspace       used 48950K, capacity 51624K, committed 51840K, reserved 1093632K
  class space    used 6775K, capacity 7273K, committed 7296K, reserved 1048576K
Event: 1328.308 GC heap after
Heap after GC invocations=14 (full 2):
 PSYoungGen      total 194048K, used 10401K [0x00000000d5d80000, 0x00000000e5380000, 0x0000000100000000)
  eden space 183296K, 0% used [0x00000000d5d80000,0x00000000d5d80000,0x00000000e1080000)
  from space 10752K, 96% used [0x00000000e4900000,0x00000000e5328648,0x00000000e5380000)
  to   space 16896K, 0% used [0x00000000e3280000,0x00000000e3280000,0x00000000e4300000)
 ParOldGen       total 101888K, used 24410K [0x0000000081800000, 0x0000000087b80000, 0x00000000d5d80000)
  object space 101888K, 23% used [0x0000000081800000,0x0000000082fd6948,0x0000000087b80000)
 Metaspace       used 48950K, capacity 51624K, committed 51840K, reserved 1093632K
  class space    used 6775K, capacity 7273K, committed 7296K, reserved 1048576K
}
Event: 1909.557 GC heap before
{Heap before GC invocations=15 (full 2):
 PSYoungGen      total 194048K, used 193697K [0x00000000d5d80000, 0x00000000e5380000, 0x0000000100000000)
  eden space 183296K, 100% used [0x00000000d5d80000,0x00000000e1080000,0x00000000e1080000)
  from space 10752K, 96% used [0x00000000e4900000,0x00000000e5328648,0x00000000e5380000)
  to   space 16896K, 0% used [0x00000000e3280000,0x00000000e3280000,0x00000000e4300000)
 ParOldGen       total 101888K, used 24410K [0x0000000081800000, 0x0000000087b80000, 0x00000000d5d80000)
  object space 101888K, 23% used [0x0000000081800000,0x0000000082fd6948,0x0000000087b80000)
 Metaspace       used 48998K, capacity 51734K, committed 51840K, reserved 1093632K
  class space    used 6780K, capacity 7280K, committed 7296K, reserved 1048576K
Event: 1909.574 GC heap after
Heap after GC invocations=15 (full 2):
 PSYoungGen      total 189440K, used 12209K [0x00000000d5d80000, 0x00000000e4980000, 0x0000000100000000)
  eden space 177152K, 0% used [0x00000000d5d80000,0x00000000d5d80000,0x00000000e0a80000)
  from space 12288K, 99% used [0x00000000e3280000,0x00000000e3e6c7f8,0x00000000e3e80000)
  to   space 11264K, 0% used [0x00000000e3e80000,0x00000000e3e80000,0x00000000e4980000)
 ParOldGen       total 101888K, used 24418K [0x0000000081800000, 0x0000000087b80000, 0x00000000d5d80000)
  object space 101888K, 23% used [0x0000000081800000,0x0000000082fd8948,0x0000000087b80000)
 Metaspace       used 48998K, capacity 51734K, committed 51840K, reserved 1093632K
  class space    used 6780K, capacity 7280K, committed 7296K, reserved 1048576K
}
Event: 2515.639 GC heap before
{Heap before GC invocations=16 (full 2):
 PSYoungGen      total 189440K, used 189361K [0x00000000d5d80000, 0x00000000e4980000, 0x0000000100000000)
  eden space 177152K, 100% used [0x00000000d5d80000,0x00000000e0a80000,0x00000000e0a80000)
  from space 12288K, 99% used [0x00000000e3280000,0x00000000e3e6c7f8,0x00000000e3e80000)
  to   space 11264K, 0% used [0x00000000e3e80000,0x00000000e3e80000,0x00000000e4980000)
 ParOldGen       total 101888K, used 24418K [0x0000000081800000, 0x0000000087b80000, 0x00000000d5d80000)
  object space 101888K, 23% used [0x0000000081800000,0x0000000082fd8948,0x0000000087b80000)
 Metaspace       used 49012K, capacity 51734K, committed 51840K, reserved 1093632K
  class space    used 6780K, capacity 7280K, committed 7296K, reserved 1048576K
Event: 2515.651 GC heap after
Heap after GC invocations=16 (full 2):
 PSYoungGen      total 182272K, used 11249K [0x00000000d5d80000, 0x00000000e4980000, 0x0000000100000000)
  eden space 171008K, 0% used [0x00000000d5d80000,0x00000000d5d80000,0x00000000e0480000)
  from space 11264K, 99% used [0x00000000e3e80000,0x00000000e497c7d8,0x00000000e4980000)
  to   space 16896K, 0% used [0x00000000e2880000,0x00000000e2880000,0x00000000e3900000)
 ParOldGen       total 101888K, used 25298K [0x0000000081800000, 0x0000000087b80000, 0x00000000d5d80000)
  object space 101888K, 24% used [0x0000000081800000,0x00000000830b4948,0x0000000087b80000)
 Metaspace       used 49012K, capacity 51734K, committed 51840K, reserved 1093632K
  class space    used 6780K, capacity 7280K, committed 7296K, reserved 1048576K
}

Deoptimization events (0 events):
No events

Classes redefined (0 events):
No events

Internal exceptions (10 events):
Event: 2744.949 Thread 0x000000001db4a800 Exception <a 'java/io/IOException'> (0x00000000da44ad98) thrown at [C:\re\workspace\8-2-build-windows-amd64-cygwin\jdk8u191\11896\hotspot\src\share\vm\prims\jni.cpp, line 709]
Event: 2745.029 Thread 0x000000001db48000 Exception <a 'java/io/IOException'> (0x00000000da110890) thrown at [C:\re\workspace\8-2-build-windows-amd64-cygwin\jdk8u191\11896\hotspot\src\share\vm\prims\jni.cpp, line 709]
Event: 2745.198 Thread 0x0000000019641800 Exception <a 'java/io/IOException'> (0x00000000da4671f8) thrown at [C:\re\workspace\8-2-build-windows-amd64-cygwin\jdk8u191\11896\hotspot\src\share\vm\prims\jni.cpp, line 709]
Event: 2745.291 Thread 0x000000001db45000 Exception <a 'java/io/IOException'> (0x00000000da14d088) thrown at [C:\re\workspace\8-2-build-windows-amd64-cygwin\jdk8u191\11896\hotspot\src\share\vm\prims\jni.cpp, line 709]
Event: 2745.323 Thread 0x000000001db42000 Exception <a 'java/io/IOException'> (0x00000000da490658) thrown at [C:\re\workspace\8-2-build-windows-amd64-cygwin\jdk8u191\11896\hotspot\src\share\vm\prims\jni.cpp, line 709]
Event: 2746.226 Thread 0x0000000019640000 Exception <a 'java/io/IOException'> (0x00000000da268dc8) thrown at [C:\re\workspace\8-2-build-windows-amd64-cygwin\jdk8u191\11896\hotspot\src\share\vm\prims\jni.cpp, line 709]
Event: 2746.493 Thread 0x000000001db47800 Exception <a 'java/io/IOException'> (0x00000000da4b2738) thrown at [C:\re\workspace\8-2-build-windows-amd64-cygwin\jdk8u191\11896\hotspot\src\share\vm\prims\jni.cpp, line 709]
Event: 2747.245 Thread 0x000000001db50800 Exception <a 'java/io/IOException'> (0x00000000da37ad00) thrown at [C:\re\workspace\8-2-build-windows-amd64-cygwin\jdk8u191\11896\hotspot\src\share\vm\prims\jni.cpp, line 709]
Event: 2750.526 Thread 0x000000001964c800 Exception <a 'java/net/SocketTimeoutException': Read timed out> (0x00000000d97050a8) thrown at [C:\re\workspace\8-2-build-windows-amd64-cygwin\jdk8u191\11896\hotspot\src\share\vm\prims\jni.cpp, line 735]
Event: 2750.526 Thread 0x000000001db42800 Exception <a 'java/net/SocketTimeoutException': Read timed out> (0x00000000da6ebe90) thrown at [C:\re\workspace\8-2-build-windows-amd64-cygwin\jdk8u191\11896\hotspot\src\share\vm\prims\jni.cpp, line 735]

Events (10 events):
Event: 2742.340 Executing VM operation: BulkRevokeBias
Event: 2742.341 Executing VM operation: BulkRevokeBias done
Event: 2745.199 Executing VM operation: RevokeBias
Event: 2745.199 Executing VM operation: RevokeBias done
Event: 2745.199 Executing VM operation: RevokeBias
Event: 2745.199 Executing VM operation: RevokeBias done
Event: 2746.493 Executing VM operation: RevokeBias
Event: 2746.493 Executing VM operation: RevokeBias done
Event: 2746.493 Executing VM operation: RevokeBias
Event: 2746.493 Executing VM operation: RevokeBias done


Dynamic libraries:
0x00007ff6b79d0000 - 0x00007ff6b7a07000 	D:\tts9\jdk1.8.0_191\bin\javaw.exe
0x00007ff93de10000 - 0x00007ff93dff1000 	C:\WINDOWS\SYSTEM32\ntdll.dll
0x00007ff93dc70000 - 0x00007ff93dd21000 	C:\WINDOWS\System32\KERNEL32.DLL
0x00007ff93a440000 - 0x00007ff93a6b3000 	C:\WINDOWS\System32\KERNELBASE.dll
0x00007ff93d3c0000 - 0x00007ff93d461000 	C:\WINDOWS\System32\ADVAPI32.dll
0x00007ff93d780000 - 0x00007ff93d81e000 	C:\WINDOWS\System32\msvcrt.dll
0x00007ff93d470000 - 0x00007ff93d4cb000 	C:\WINDOWS\System32\sechost.dll
0x00007ff93d180000 - 0x00007ff93d2a4000 	C:\WINDOWS\System32\RPCRT4.dll
0x00007ff93c750000 - 0x00007ff93c8e0000 	C:\WINDOWS\System32\USER32.dll
0x00007ff93afc0000 - 0x00007ff93afe0000 	C:\WINDOWS\System32\win32u.dll
0x00007ff93c950000 - 0x00007ff93c978000 	C:\WINDOWS\System32\GDI32.dll
0x00007ff93b060000 - 0x00007ff93b1f1000 	C:\WINDOWS\System32\gdi32full.dll
0x00007ff93b200000 - 0x00007ff93b29f000 	C:\WINDOWS\System32\msvcp_win.dll
0x00007ff93a290000 - 0x00007ff93a388000 	C:\WINDOWS\System32\ucrtbase.dll
0x00007ff9342b0000 - 0x00007ff934519000 	C:\WINDOWS\WinSxS\amd64_microsoft.windows.common-controls_6595b64144ccf1df_6.0.17134.885_none_fb42a3473065565f\COMCTL32.dll
0x00007ff93ca60000 - 0x00007ff93cd82000 	C:\WINDOWS\System32\combase.dll
0x00007ff93afe0000 - 0x00007ff93b059000 	C:\WINDOWS\System32\bcryptPrimitives.dll
0x00007ff93ca30000 - 0x00007ff93ca5d000 	C:\WINDOWS\System32\IMM32.DLL
0x000000005acb0000 - 0x000000005ad82000 	D:\tts9\jdk1.8.0_191\jre\bin\msvcr100.dll
0x000000005af40000 - 0x000000005b7e4000 	D:\tts9\jdk1.8.0_191\jre\bin\server\jvm.dll
0x00007ff93c940000 - 0x00007ff93c948000 	C:\WINDOWS\System32\PSAPI.DLL
0x00007ff92d6f0000 - 0x00007ff92d6f9000 	C:\WINDOWS\SYSTEM32\WSOCK32.dll
0x00007ff936540000 - 0x00007ff93654a000 	C:\WINDOWS\SYSTEM32\VERSION.dll
0x00007ff938490000 - 0x00007ff9384b3000 	C:\WINDOWS\SYSTEM32\WINMM.dll
0x00007ff93b2a0000 - 0x00007ff93b30c000 	C:\WINDOWS\System32\WS2_32.dll
0x00007ff938460000 - 0x00007ff93848a000 	C:\WINDOWS\SYSTEM32\winmmbase.dll
0x00007ff93a390000 - 0x00007ff93a3d9000 	C:\WINDOWS\System32\cfgmgr32.dll
0x000000005ae50000 - 0x000000005ae5f000 	D:\tts9\jdk1.8.0_191\jre\bin\verify.dll
0x000000005ae20000 - 0x000000005ae49000 	D:\tts9\jdk1.8.0_191\jre\bin\java.dll
0x000000005add0000 - 0x000000005ade6000 	D:\tts9\jdk1.8.0_191\jre\bin\zip.dll
0x00007ff93b310000 - 0x00007ff93c750000 	C:\WINDOWS\System32\SHELL32.dll
0x00007ff93dd30000 - 0x00007ff93ddd9000 	C:\WINDOWS\System32\shcore.dll
0x00007ff93a6c0000 - 0x00007ff93adcd000 	C:\WINDOWS\System32\windows.storage.dll
0x00007ff93cfc0000 - 0x00007ff93d011000 	C:\WINDOWS\System32\shlwapi.dll
0x00007ff93a1c0000 - 0x00007ff93a1d1000 	C:\WINDOWS\System32\kernel.appcore.dll
0x00007ff93a130000 - 0x00007ff93a14f000 	C:\WINDOWS\System32\profapi.dll
0x00007ff93a150000 - 0x00007ff93a19c000 	C:\WINDOWS\System32\powrprof.dll
0x00007ff93a120000 - 0x00007ff93a12a000 	C:\WINDOWS\System32\FLTLIB.DLL
0x000000005aca0000 - 0x000000005acad000 	D:\tts9\jdk1.8.0_191\jre\bin\management.dll
0x000000005adb0000 - 0x000000005adca000 	D:\tts9\jdk1.8.0_191\jre\bin\net.dll
0x00007ff939940000 - 0x00007ff9399a6000 	C:\WINDOWS\system32\mswsock.dll
0x000000005ad90000 - 0x000000005ada1000 	D:\tts9\jdk1.8.0_191\jre\bin\nio.dll
0x00007ff9297f0000 - 0x00007ff929806000 	C:\WINDOWS\system32\napinsp.dll
0x00007ff9297d0000 - 0x00007ff9297ea000 	C:\WINDOWS\system32\pnrpnsp.dll
0x00007ff936980000 - 0x00007ff936999000 	C:\WINDOWS\system32\NLAapi.dll
0x00007ff939720000 - 0x00007ff9397de000 	C:\WINDOWS\SYSTEM32\DNSAPI.dll
0x00007ff93cfb0000 - 0x00007ff93cfb8000 	C:\WINDOWS\System32\NSI.dll
0x00007ff9396d0000 - 0x00007ff939708000 	C:\WINDOWS\SYSTEM32\IPHLPAPI.DLL
0x00007ff9297c0000 - 0x00007ff9297ce000 	C:\WINDOWS\System32\winrnr.dll
0x00007ff9348b0000 - 0x00007ff9348ba000 	C:\Windows\System32\rasadhlp.dll
0x00007ff935a20000 - 0x00007ff935a92000 	C:\WINDOWS\System32\fwpuclnt.dll
0x00007ff939c80000 - 0x00007ff939ca5000 	C:\WINDOWS\SYSTEM32\bcrypt.dll
0x00007ff939af0000 - 0x00007ff939b07000 	C:\WINDOWS\SYSTEM32\CRYPTSP.dll
0x00007ff939530000 - 0x00007ff939563000 	C:\WINDOWS\system32\rsaenh.dll
0x00007ff93a020000 - 0x00007ff93a048000 	C:\WINDOWS\SYSTEM32\USERENV.dll
0x00007ff939b10000 - 0x00007ff939b1b000 	C:\WINDOWS\SYSTEM32\CRYPTBASE.dll
0x00007ff9360b0000 - 0x00007ff9360c6000 	C:\WINDOWS\SYSTEM32\dhcpcsvc6.DLL
0x00007ff935800000 - 0x00007ff93581a000 	C:\WINDOWS\SYSTEM32\dhcpcsvc.DLL
0x000000005ac70000 - 0x000000005ac94000 	D:\tts9\jdk1.8.0_191\jre\bin\sunec.dll

VM Arguments:
jvm_args: -Dcom.sun.management.jmxremote -Dcom.sun.management.jmxremote.port=56847 -Dcom.sun.management.jmxremote.authenticate=false -Dcom.sun.management.jmxremote.ssl=false -Djava.rmi.server.hostname=localhost -Dspring.jmx.enabled=true -Dspring.application.admin.enabled=true -Xverify:none -XX:TieredStopAtLevel=1 -Dfile.encoding=UTF-8 
java_command: com.tedu.sp02.Sp02ItemserviceApplication --spring.output.ansi.enabled=always --spring.profiles.active=item1
java_class_path (initial): D:\tts9\WORKSPACE\sp02-itemservice\target\classes;C:\Users\tarena\.m2\repository\org\springframework\boot\spring-boot-starter-web\2.1.4.RELEASE\spring-boot-starter-web-2.1.4.RELEASE.jar;C:\Users\tarena\.m2\repository\org\springframework\boot\spring-boot-starter\2.1.4.RELEASE\spring-boot-starter-2.1.4.RELEASE.jar;C:\Users\tarena\.m2\repository\org\springframework\boot\spring-boot-starter-logging\2.1.4.RELEASE\spring-boot-starter-logging-2.1.4.RELEASE.jar;C:\Users\tarena\.m2\repository\ch\qos\logback\logback-classic\1.2.3\logback-classic-1.2.3.jar;C:\Users\tarena\.m2\repository\ch\qos\logback\logback-core\1.2.3\logback-core-1.2.3.jar;C:\Users\tarena\.m2\repository\org\apache\logging\log4j\log4j-to-slf4j\2.11.2\log4j-to-slf4j-2.11.2.jar;C:\Users\tarena\.m2\repository\org\apache\logging\log4j\log4j-api\2.11.2\log4j-api-2.11.2.jar;C:\Users\tarena\.m2\repository\org\slf4j\jul-to-slf4j\1.7.26\jul-to-slf4j-1.7.26.jar;C:\Users\tarena\.m2\repository\javax\annotation\javax.annotation-api\1.3.2\javax.annotation-api-1.3.2.jar;C:\Users\tarena\.m2\repository\org\yaml\snakeyaml\1.23\snakeyaml-1.23.jar;C:\Users\tarena\.m2\repository\org\springframework\boot\spring-boot-starter-json\2.1.4.RELEASE\spring-boot-starter-json-2.1.4.RELEASE.jar;C:\Users\tarena\.m2\repository\com\fasterxml\jackson\core\jackson-databind\2.9.8\jackson-databind-2.9.8.jar;C:\Users\tarena\.m2\repository\org\springframework\boot\spring-boot-starter-tomcat\2.1.4.RELEASE\spring-boot-starter-tomcat-2.1.4.RELEASE.jar;C:\Users\tarena\.m2\repository\org\apache\tomcat\embed\tomcat-embed-core\9.0.17\tomcat-embed-core-9.0.17.jar;C:\Users\tarena\.m2\repository\org\apache\tomcat\embed\tomcat-embed-el\9.0.17\tomcat-embed-el-9.0.17.jar;C:\Users\tarena\.m2\repository\org\apache\tomcat\embed\tomcat-embed-websocket\9.0.17\tomcat-embed-websocket-9.0.17.jar;C:\Users\tarena\.m2\repository\org\hibernate\validator\hibernate-validator\6.0.16.Final\hibernate-validator-6.0.16.Final.jar;C:\Users\tarena\.m2\re
Launcher Type: SUN_STANDARD

Environment Variables:
JAVA_HOME=D:\tts9\jdk1.8.0_191
PATH=D:/tts9/jdk1.8.0_191/bin/../jre/bin/server;D:/tts9/jdk1.8.0_191/bin/../jre/bin;D:/tts9/jdk1.8.0_191/bin/../jre/lib/amd64;D:\tts9\jdk1.8.0_191\bin;C:\Program Files (x86)\Intel\iCLS Client\;C:\Program Files\Intel\iCLS Client\;C:\WINDOWS\system32;C:\WINDOWS;C:\WINDOWS\System32\Wbem;C:\WINDOWS\System32\WindowsPowerShell\v1.0\;C:\Program Files (x86)\Intel\Intel(R) Management Engine Components\DAL;C:\Program Files\Intel\Intel(R) Management Engine Components\DAL;C:\Program Files (x86)\Intel\Intel(R) Management Engine Components\IPT;C:\Program Files\Intel\Intel(R) Management Engine Components\IPT;C:\WINDOWS\System32\OpenSSH\;C:\Program Files\MariaDB 10.3\bin;C:\Users\tarena\AppData\Local\Microsoft\WindowsApps;;D:\tts9\sts-4.2.2.RELEASE;
USERNAME=tarena
OS=Windows_NT
PROCESSOR_IDENTIFIER=Intel64 Family 6 Model 94 Stepping 3, GenuineIntel



---------------  S Y S T E M  ---------------

OS: Windows 10.0 , 64 bit Build 17134 (10.0.17134.753)

CPU:total 4 (initial active 4) (2 cores per cpu, 2 threads per core) family 6 model 94 stepping 3, cmov, cx8, fxsr, mmx, sse, sse2, sse3, ssse3, sse4.1, sse4.2, popcnt, avx, avx2, aes, clmul, erms, 3dnowpref, lzcnt, ht, tsc, tscinvbit, bmi1, bmi2, adx

Memory: 4k page, physical 8282720k(878136k free), swap 12477024k(55696k free)

vm_info: Java HotSpot(TM) 64-Bit Server VM (25.191-b12) for windows-amd64 JRE (1.8.0_191-b12), built on Oct  6 2018 09:29:03 by "java_re" with MS VC++ 10.0 (VS2010)

time: Wed Jul 31 15:03:33 2019
elapsed time: 2773 seconds (0d 0h 46m 13s)

